Using pre-set license
Built from '2021.1/staging' branch; Version is '2021.1.5f1 (3737af19df53) revision 3618735'; Using compiler version '192528614'; Build Type 'Release'
OS: 'Windows 10 Home Single Language; OS build 19041.867; Version 2004; 64bit' Language: 'ru' Physical Memory: 16339 MB
BatchMode: 1, IsHumanControllingUs: 0, StartBugReporterOnCrash: 0, Is64bit: 1, IsPro: 0

 COMMAND LINE ARGUMENTS:
C:\Program Files\2021.1.5f1\Editor\Unity.exe
-adb2
-batchMode
-noUpm
-name
AssetImportWorker0
-projectPath
C:/ProjectUnity/Swindler
-logFile
Logs/AssetImportWorker0.log
-srvPort
50950
Successfully changed project path to: C:/ProjectUnity/Swindler
C:/ProjectUnity/Swindler
Using Asset Import Pipeline V2.
Refreshing native plugins compatible for Editor in 69.30 ms, found 1 plugins.
Preloading 0 native plugins for Editor in 0.00 ms.
Initialize engine version: 2021.1.5f1 (3737af19df53)
[Subsystems] Discovering subsystems at path C:/Program Files/2021.1.5f1/Editor/Data/Resources/UnitySubsystems
[Subsystems] Discovering subsystems at path C:/ProjectUnity/Swindler/Assets
GfxDevice: creating device client; threaded=0; jobified=0
Direct3D:
    Version:  Direct3D 11.0 [level 11.1]
    Renderer: NVIDIA GeForce GTX 1060 (ID=0x1c20)
    Vendor:   NVIDIA
    VRAM:     2987 MB
    Driver:   27.21.14.5167
Initialize mono
Mono path[0] = 'C:/Program Files/2021.1.5f1/Editor/Data/Managed'
Mono path[1] = 'C:/Program Files/2021.1.5f1/Editor/Data/MonoBleedingEdge/lib/mono/unityjit'
Mono config path = 'C:/Program Files/2021.1.5f1/Editor/Data/MonoBleedingEdge/etc'
Using monoOptions --debugger-agent=transport=dt_socket,embedding=1,server=y,suspend=n,address=127.0.0.1:56812
Begin MonoManager ReloadAssembly
Registering precompiled unity dll's ...
Register platform support module: C:/Program Files/2021.1.5f1/Editor/Data/PlaybackEngines/WindowsStandaloneSupport/UnityEditor.WindowsStandalone.Extensions.dll
Registered in 0.003675 seconds.
Native extension for WindowsStandalone target not found
Refreshing native plugins compatible for Editor in 62.62 ms, found 1 plugins.
Preloading 0 native plugins for Editor in 0.00 ms.
Mono: successfully reloaded assembly
- Completed reload, in  2.171 seconds
Platform modules already initialized, skipping
Registering precompiled user dll's ...
Registered in 0.002946 seconds.
Begin MonoManager ReloadAssembly
Native extension for WindowsStandalone target not found
Refreshing native plugins compatible for Editor in 71.91 ms, found 1 plugins.
Preloading 0 native plugins for Editor in 0.00 ms.
Mono: successfully reloaded assembly
- Completed reload, in  1.588 seconds
Platform modules already initialized, skipping
========================================================================
Worker process is ready to serve import requests
Launched and connected shader compiler UnityShaderCompiler.exe after 0.08 seconds
Refreshing native plugins compatible for Editor in 0.46 ms, found 1 plugins.
Preloading 0 native plugins for Editor in 0.00 ms.
Unloading 1841 Unused Serialized files (Serialized files now loaded: 0)
System memory in use before: 87.3 MB.
System memory in use after: 87.3 MB.

Unloading 21 unused Assets to reduce memory usage. Loaded Objects now: 2306.
Total: 3.231500 ms (FindLiveObjects: 0.178300 ms CreateObjectMapping: 0.091000 ms MarkObjects: 2.869300 ms  DeleteObjects: 0.090900 ms)

========================================================================
Received Import Request.
  path: Assets/Scripts/Entrance.cs
  artifactKey: Guid(9f20053eea6d9e240ad9a4c586b1bbd5) Importer(815301076,1909f56bfc062723c751e8b465ee728b)
Start importing Assets/Scripts/Entrance.cs using Guid(9f20053eea6d9e240ad9a4c586b1bbd5) Importer(815301076,1909f56bfc062723c751e8b465ee728b)  -> (artifact id: '6b10bd776171b0613bbeb902e1031131') in 0.214465 seconds 
========================================================================
Received Import Request.
  Time since last request: 549.906493 seconds.
  path: Assets/Scripts/Entrance.cs
  artifactKey: Guid(9f20053eea6d9e240ad9a4c586b1bbd5) Importer(815301076,1909f56bfc062723c751e8b465ee728b)
Start importing Assets/Scripts/Entrance.cs using Guid(9f20053eea6d9e240ad9a4c586b1bbd5) Importer(815301076,1909f56bfc062723c751e8b465ee728b)  -> (artifact id: 'fe556d3434f59a3b9174f7d8ba368551') in 0.011577 seconds 
========================================================================
Received Prepare
Registering precompiled user dll's ...
Registered in 0.002847 seconds.
Begin MonoManager ReloadAssembly
Native extension for WindowsStandalone target not found
Refreshing native plugins compatible for Editor in 0.45 ms, found 1 plugins.
Preloading 0 native plugins for Editor in 0.00 ms.
Mono: successfully reloaded assembly
- Completed reload, in  1.298 seconds
Platform modules already initialized, skipping
Refreshing native plugins compatible for Editor in 0.45 ms, found 1 plugins.
Preloading 0 native plugins for Editor in 0.00 ms.
Unloading 1832 Unused Serialized files (Serialized files now loaded: 0)
System memory in use before: 86.8 MB.
System memory in use after: 86.9 MB.

Unloading 10 unused Assets to reduce memory usage. Loaded Objects now: 2309.
Total: 3.055600 ms (FindLiveObjects: 0.201000 ms CreateObjectMapping: 0.091400 ms MarkObjects: 2.739500 ms  DeleteObjects: 0.022400 ms)

========================================================================
Received Import Request.
  Time since last request: 40.387770 seconds.
  path: Assets/Plugins/Demigiant/DOTween/Editor/Imgs/DOTweenIcon.png
  artifactKey: Guid(8da095e39e9b4df488dfd436f81116d6) Importer(815301076,1909f56bfc062723c751e8b465ee728b)
Start importing Assets/Plugins/Demigiant/DOTween/Editor/Imgs/DOTweenIcon.png using Guid(8da095e39e9b4df488dfd436f81116d6) Importer(815301076,1909f56bfc062723c751e8b465ee728b)  -> (artifact id: '51827d1f0e007a1c24423acee04dfa3f') in 0.115167 seconds 
========================================================================
Received Import Request.
  Time since last request: 0.000322 seconds.
  path: Assets/Plugins/Demigiant/DOTween/Editor/Imgs/Header.jpg
  artifactKey: Guid(78a59ca99f8987941adb61f9e14a06a7) Importer(815301076,1909f56bfc062723c751e8b465ee728b)
Start importing Assets/Plugins/Demigiant/DOTween/Editor/Imgs/Header.jpg using Guid(78a59ca99f8987941adb61f9e14a06a7) Importer(815301076,1909f56bfc062723c751e8b465ee728b)  -> (artifact id: 'af76bb638bba5e39edf6243466f85d92') in 0.035788 seconds 
========================================================================
Received Import Request.
  Time since last request: 0.000369 seconds.
  path: Assets/Plugins/Demigiant/DOTween/Editor/Imgs/Footer.png
  artifactKey: Guid(7051dba417b3d53409f2918f1ea4938d) Importer(815301076,1909f56bfc062723c751e8b465ee728b)
Start importing Assets/Plugins/Demigiant/DOTween/Editor/Imgs/Footer.png using Guid(7051dba417b3d53409f2918f1ea4938d) Importer(815301076,1909f56bfc062723c751e8b465ee728b)  -> (artifact id: 'fed900bf3d7a866a3427f0294950b544') in 0.029626 seconds 
========================================================================
Received Import Request.
  Time since last request: 0.000311 seconds.
  path: Assets/Plugins/Demigiant/DOTween/Editor/Imgs/Footer_dark.png
  artifactKey: Guid(519694efe2bb2914788b151fbd8c01f4) Importer(815301076,1909f56bfc062723c751e8b465ee728b)
Start importing Assets/Plugins/Demigiant/DOTween/Editor/Imgs/Footer_dark.png using Guid(519694efe2bb2914788b151fbd8c01f4) Importer(815301076,1909f56bfc062723c751e8b465ee728b)  -> (artifact id: 'cb8fbff1389258ad41dd2e397ebe14fd') in 0.032044 seconds 
========================================================================
Received Import Request.
  Time since last request: 42.455973 seconds.
  path: Assets/Audio
  artifactKey: Guid(19e455d1cc786f446a625220f3800238) Importer(815301076,1909f56bfc062723c751e8b465ee728b)
Start importing Assets/Audio using Guid(19e455d1cc786f446a625220f3800238) Importer(815301076,1909f56bfc062723c751e8b465ee728b)  -> (artifact id: '874b4955c728e58de1b0194a89d4bc85') in 0.011272 seconds 
========================================================================
Received Import Request.
  Time since last request: 44.175626 seconds.
  path: Assets/Audio/сигнализация.mp3
  artifactKey: Guid(a83b35faa9458dd42a48957e403264ca) Importer(815301076,1909f56bfc062723c751e8b465ee728b)
Start importing Assets/Audio/сигнализация.mp3 using Guid(a83b35faa9458dd42a48957e403264ca) Importer(815301076,1909f56bfc062723c751e8b465ee728b)  -> (artifact id: '71945425400bb97cb5390dd9783106c7') in 0.083704 seconds 
========================================================================
Received Prepare
Registering precompiled user dll's ...
Registered in 0.002976 seconds.
Begin MonoManager ReloadAssembly
Native extension for WindowsStandalone target not found
Refreshing native plugins compatible for Editor in 0.46 ms, found 1 plugins.
Preloading 0 native plugins for Editor in 0.00 ms.
Mono: successfully reloaded assembly
- Completed reload, in  1.323 seconds
Platform modules already initialized, skipping
Refreshing native plugins compatible for Editor in 0.48 ms, found 1 plugins.
Preloading 0 native plugins for Editor in 0.00 ms.
Unloading 1836 Unused Serialized files (Serialized files now loaded: 0)
System memory in use before: 92.7 MB.
System memory in use after: 92.8 MB.

Unloading 10 unused Assets to reduce memory usage. Loaded Objects now: 2385.
Total: 3.378300 ms (FindLiveObjects: 0.202600 ms CreateObjectMapping: 0.083500 ms MarkObjects: 3.069100 ms  DeleteObjects: 0.021900 ms)

AssetImportWorkerClient::OnTransportError - code=2 error=End of file
